[I-382-PROBE] excluded_user iter=0 name=ALBRequestContext
[I-382-PROBE] excluded_user iter=0 name=AfterGenerateHook
[I-382-PROBE] excluded_user iter=0 name=AfterResponseHook
[I-382-PROBE] excluded_user iter=0 name=Algorithm
[I-382-PROBE] excluded_user iter=0 name=ApiGatewayRequestContext
[I-382-PROBE] excluded_user iter=0 name=ApiGatewayRequestContextV2
[I-382-PROBE] excluded_user iter=0 name=BeforeRequestHook
[I-382-PROBE] excluded_user iter=0 name=Bindings
[I-382-PROBE] excluded_user iter=0 name=BodyDataValueComponent
[I-382-PROBE] excluded_user iter=0 name=BodyDataValueDot
[I-382-PROBE] excluded_user iter=0 name=BodyDataValueDotAll
[I-382-PROBE] excluded_user iter=0 name=BodyDataValueObject
[I-382-PROBE] excluded_user iter=0 name=BuildSearchParamsFn
[I-382-PROBE] excluded_user iter=0 name=CacheType
[I-382-PROBE] excluded_user iter=0 name=CloudFrontRequest
[I-382-PROBE] excluded_user iter=0 name=CloudFrontResult
[I-382-PROBE] excluded_user iter=0 name=Condition
[I-382-PROBE] excluded_user iter=0 name=ContentSecurityPolicyOptionHandler
[I-382-PROBE] excluded_user iter=0 name=ContentfulStatusCode
[I-382-PROBE] excluded_user iter=0 name=Context
[I-382-PROBE] excluded_user iter=0 name=CssClassName
[I-382-PROBE] excluded_user iter=0 name=CssVariableAsyncType
[I-382-PROBE] excluded_user iter=0 name=CssVariableBasicType
[I-382-PROBE] excluded_user iter=0 name=CustomHeader
[I-382-PROBE] excluded_user iter=0 name=Data
[I-382-PROBE] excluded_user iter=0 name=DetectorType
[I-382-PROBE] excluded_user iter=0 name=ExecutionContext
[I-382-PROBE] excluded_user iter=0 name=ExtractValidatorOutput
[I-382-PROBE] excluded_user iter=0 name=FetchEventLike
[I-382-PROBE] excluded_user iter=0 name=H
[I-382-PROBE] excluded_user iter=0 name=HTTPExceptionFunction
[I-382-PROBE] excluded_user iter=0 name=HTTPResponseError
[I-382-PROBE] excluded_user iter=0 name=HonoJsonWebKey
[I-382-PROBE] excluded_user iter=0 name=HonoRequest
[I-382-PROBE] excluded_user iter=0 name=HtmlEscapedString
[I-382-PROBE] excluded_user iter=0 name=Input
[I-382-PROBE] excluded_user iter=0 name=InvalidJSONValue
[I-382-PROBE] excluded_user iter=0 name=IsAllowedOriginHandler
[I-382-PROBE] excluded_user iter=0 name=IsAllowedSecFetchSiteHandler
[I-382-PROBE] excluded_user iter=0 name=JSONArray
[I-382-PROBE] excluded_user iter=0 name=JSONObject
[I-382-PROBE] excluded_user iter=0 name=JSONPrimitive
[I-382-PROBE] excluded_user iter=0 name=JSONValue
[I-382-PROBE] excluded_user iter=0 name=JWTPayload
[I-382-PROBE] excluded_user iter=0 name=KeyAlgorithm
[I-382-PROBE] excluded_user iter=0 name=LatticeRequestContextV2
[I-382-PROBE] excluded_user iter=0 name=MergeSchemaPath
[I-382-PROBE] excluded_user iter=0 name=MessageFunction
[I-382-PROBE] excluded_user iter=0 name=MiddlewareHandler
[I-382-PROBE] excluded_user iter=0 name=MountReplaceRequest
[I-382-PROBE] excluded_user iter=0 name=ParamIndexMap
[I-382-PROBE] excluded_user iter=0 name=ParamKey
[I-382-PROBE] excluded_user iter=0 name=ParamKeys
[I-382-PROBE] excluded_user iter=0 name=PermissionsPolicyValue
[I-382-PROBE] excluded_user iter=0 name=ProxyRequestInit
[I-382-PROBE] excluded_user iter=0 name=RendererOptions
[I-382-PROBE] excluded_user iter=0 name=RequestHeader
[I-382-PROBE] excluded_user iter=0 name=Response
[I-382-PROBE] excluded_user iter=0 name=ResponseOrInit
[I-382-PROBE] excluded_user iter=0 name=SSGParams
[I-382-PROBE] excluded_user iter=0 name=SecFetchSite
[I-382-PROBE] excluded_user iter=0 name=SecureHeadersCallback
[I-382-PROBE] excluded_user iter=0 name=SignatureAlgorithm
[I-382-PROBE] excluded_user iter=0 name=StatusCode
[I-382-PROBE] excluded_user iter=0 name=ToEndpoints
[I-382-PROBE] excluded_user iter=0 name=TokenHeader
[I-382-PROBE] excluded_user iter=0 name=TypedResponse
[I-382-PROBE] excluded_user iter=0 name=Variables
[I-382-PROBE] excluded_user iter=0 name=VerifyOptionsWithAlg
[I-382-PROBE] excluded_user iter=0 name=WSContext
[I-382-PROBE] excluded_user iter=0 name=WSEvents
[I-382-PROBE] excluded_user iter=0 name=WSMessageReceive
[I-382-PROBE] dangling iter=0 name=AudioData typedef=NotInRegistry is_external=false referencers=["ArrayBufferOrAudioDataOrImageBitmapOrMediaSourceHandleOrMessagePortOrOffscreenCanvasOrRTCDataChannelOrReadableStreamAnyOrTransformStreamAnyAnyOrVideoFrameOrWritableStreamAny"]
[I-382-PROBE] dangling iter=0 name=BufferSource typedef=NotInRegistry is_external=false referencers=["BufferSourceOrString"]
[I-382-PROBE] dangling iter=0 name=CanvasGradient typedef=NotInRegistry is_external=false referencers=["CanvasGradientOrCanvasPatternOrString"]
[I-382-PROBE] dangling iter=0 name=CanvasPattern typedef=NotInRegistry is_external=false referencers=["CanvasGradientOrCanvasPatternOrString"]
[I-382-PROBE] dangling iter=0 name=E typedef=NotInRegistry is_external=false referencers=["FnSSGParamsOrSSGParams", "OmitServeStaticOptionsNamespace"]
[I-382-PROBE] dangling iter=0 name=HTMLCanvasElement typedef=NotInRegistry is_external=false referencers=["HTMLCanvasElementOrHTMLImageElementOrHTMLVideoElementOrImageBitmapOrOffscreenCanvasOrSVGImageElementOrVideoFrame"]
[I-382-PROBE] dangling iter=0 name=HTMLImageElement typedef=NotInRegistry is_external=false referencers=["HTMLCanvasElementOrHTMLImageElementOrHTMLVideoElementOrImageBitmapOrOffscreenCanvasOrSVGImageElementOrVideoFrame"]
[I-382-PROBE] dangling iter=0 name=HTMLVideoElement typedef=NotInRegistry is_external=false referencers=["HTMLCanvasElementOrHTMLImageElementOrHTMLVideoElementOrImageBitmapOrOffscreenCanvasOrSVGImageElementOrVideoFrame"]
[I-382-PROBE] dangling iter=0 name=HTTPException typedef=Struct is_external=false referencers=["HTTPExceptionOrHTTPExceptionFunction"]
[I-382-PROBE] dangling iter=0 name=HeadersInit typedef=NotInRegistry is_external=false referencers=["HashMapRequestHeaderOptionStringOrHashMapStringOptionStringOrHeadersInitOrVecTupleStringString"]
[I-382-PROBE] dangling iter=0 name=ImageBitmap typedef=NotInRegistry is_external=false referencers=["ArrayBufferOrAudioDataOrImageBitmapOrMediaSourceHandleOrMessagePortOrOffscreenCanvasOrRTCDataChannelOrReadableStreamAnyOrTransformStreamAnyAnyOrVideoFrameOrWritableStreamAny", "HTMLCanvasElementOrHTMLImageElementOrHTMLVideoElementOrImageBitmapOrOffscreenCanvasOrSVGImageElementOrVideoFrame"]
[I-382-PROBE] dangling iter=0 name=ImageBitmapRenderingContext typedef=NotInRegistry is_external=false referencers=["ImageBitmapRenderingContextOrOffscreenCanvasRenderingContext2DOrWebGL2RenderingContextOrWebGLRenderingContext"]
[I-382-PROBE] dangling iter=0 name=M typedef=NotInRegistry is_external=false referencers=["MOrVecM"]
[I-382-PROBE] dangling iter=0 name=MediaSourceHandle typedef=NotInRegistry is_external=false referencers=["ArrayBufferOrAudioDataOrImageBitmapOrMediaSourceHandleOrMessagePortOrOffscreenCanvasOrRTCDataChannelOrReadableStreamAnyOrTransformStreamAnyAnyOrVideoFrameOrWritableStreamAny"]
[I-382-PROBE] dangling iter=0 name=OutputType typedef=NotInRegistry is_external=false referencers=["OutputTypeOrTypedResponse"]
[I-382-PROBE] dangling iter=0 name=P typedef=NotInRegistry is_external=false referencers=["AnyOrHashMapCustomHeaderOrRequestHeaderStringOrHashMapPOptionStringOrHashMapStringStringOrHashMapStringStringOrVecStringOrHashMapStringTOrVecT"]
[I-382-PROBE] dangling iter=0 name=RTCDataChannel typedef=NotInRegistry is_external=false referencers=["ArrayBufferOrAudioDataOrImageBitmapOrMediaSourceHandleOrMessagePortOrOffscreenCanvasOrRTCDataChannelOrReadableStreamAnyOrTransformStreamAnyAnyOrVideoFrameOrWritableStreamAny"]
[I-382-PROBE] dangling iter=0 name=RequestInfo typedef=NotInRegistry is_external=false referencers=["RequestInfoOrURL"]
[I-382-PROBE] dangling iter=0 name=S typedef=NotInRegistry is_external=false referencers=["MergeSchemaPathOrS"]
[I-382-PROBE] dangling iter=0 name=SVGImageElement typedef=NotInRegistry is_external=false referencers=["HTMLCanvasElementOrHTMLImageElementOrHTMLVideoElementOrImageBitmapOrOffscreenCanvasOrSVGImageElementOrVideoFrame"]
[I-382-PROBE] dangling iter=0 name=ServiceWorker typedef=NotInRegistry is_external=false referencers=["MessagePortOrServiceWorkerOrWindow"]
[I-382-PROBE] dangling iter=0 name=Status typedef=NotInRegistry is_external=false referencers=["_TypeLit4"]
[I-382-PROBE] dangling iter=0 name=TNext typedef=NotInRegistry is_external=false referencers=["TupleOrTupleTNext"]
[I-382-PROBE] dangling iter=0 name=TResult typedef=NotInRegistry is_external=false referencers=["PromiseLikeTResultOrTResult", "TOrTResult"]
[I-382-PROBE] dangling iter=0 name=TResult1 typedef=NotInRegistry is_external=false referencers=["PromiseLikeTResult1OrTResult1", "TResult1OrTResult2"]
[I-382-PROBE] dangling iter=0 name=TResult2 typedef=NotInRegistry is_external=false referencers=["PromiseLikeTResult2OrTResult2", "TResult1OrTResult2"]
[I-382-PROBE] dangling iter=0 name=TemplateStringsArray typedef=NotInRegistry is_external=false referencers=["CssClassNameOrTemplateStringsArray", "StringOrTemplateStringsArray"]
[I-382-PROBE] dangling iter=0 name=U typedef=NotInRegistry is_external=false referencers=["ResponseOrInitOrU", "TupleContextWSEventsTUOrTupleFnWSEventsTU", "UOrVecU"]
[I-382-PROBE] dangling iter=0 name=VideoFrame typedef=NotInRegistry is_external=false referencers=["ArrayBufferOrAudioDataOrImageBitmapOrMediaSourceHandleOrMessagePortOrOffscreenCanvasOrRTCDataChannelOrReadableStreamAnyOrTransformStreamAnyAnyOrVideoFrameOrWritableStreamAny", "HTMLCanvasElementOrHTMLImageElementOrHTMLVideoElementOrImageBitmapOrOffscreenCanvasOrSVGImageElementOrVideoFrame"]
[I-382-PROBE] dangling iter=0 name=WebGL2RenderingContext typedef=NotInRegistry is_external=false referencers=["ImageBitmapRenderingContextOrOffscreenCanvasRenderingContext2DOrWebGL2RenderingContextOrWebGLRenderingContext"]
[I-382-PROBE] dangling iter=0 name=WebGLRenderingContext typedef=NotInRegistry is_external=false referencers=["ImageBitmapRenderingContextOrOffscreenCanvasRenderingContext2DOrWebGL2RenderingContextOrWebGLRenderingContext"]
[I-382-PROBE] dangling iter=0 name=Window typedef=NotInRegistry is_external=false referencers=["MessagePortOrServiceWorkerOrWindow"]
[I-382-PROBE] dangling iter=0 name=__type typedef=NotInRegistry is_external=false referencers=["HeadersOrVecTupleStringStringOr__type", "RegExpMatchArray", "StringOrURLSearchParamsOrVecVecStringOr__type", "StringOr__type"]
[I-382-PROBE] dangling iter=0 name=symbol typedef=NotInRegistry is_external=false referencers=["F64OrStringOrsymbol"]
[I-382-PROBE] excluded_user iter=1 name=ALBRequestContext
[I-382-PROBE] excluded_user iter=1 name=AfterGenerateHook
[I-382-PROBE] excluded_user iter=1 name=AfterResponseHook
[I-382-PROBE] excluded_user iter=1 name=Algorithm
[I-382-PROBE] excluded_user iter=1 name=ApiGatewayRequestContext
[I-382-PROBE] excluded_user iter=1 name=ApiGatewayRequestContextV2
[I-382-PROBE] excluded_user iter=1 name=BeforeRequestHook
[I-382-PROBE] excluded_user iter=1 name=Bindings
[I-382-PROBE] excluded_user iter=1 name=BodyDataValueComponent
[I-382-PROBE] excluded_user iter=1 name=BodyDataValueDot
[I-382-PROBE] excluded_user iter=1 name=BodyDataValueDotAll
[I-382-PROBE] excluded_user iter=1 name=BodyDataValueObject
[I-382-PROBE] excluded_user iter=1 name=BuildSearchParamsFn
[I-382-PROBE] excluded_user iter=1 name=CacheType
[I-382-PROBE] excluded_user iter=1 name=CloudFrontRequest
[I-382-PROBE] excluded_user iter=1 name=CloudFrontResult
[I-382-PROBE] excluded_user iter=1 name=Condition
[I-382-PROBE] excluded_user iter=1 name=ContentSecurityPolicyOptionHandler
[I-382-PROBE] excluded_user iter=1 name=ContentfulStatusCode
[I-382-PROBE] excluded_user iter=1 name=Context
[I-382-PROBE] excluded_user iter=1 name=CssClassName
[I-382-PROBE] excluded_user iter=1 name=CssVariableAsyncType
[I-382-PROBE] excluded_user iter=1 name=CssVariableBasicType
[I-382-PROBE] excluded_user iter=1 name=CustomHeader
[I-382-PROBE] excluded_user iter=1 name=Data
[I-382-PROBE] excluded_user iter=1 name=DetectorType
[I-382-PROBE] excluded_user iter=1 name=ExecutionContext
[I-382-PROBE] excluded_user iter=1 name=ExtractValidatorOutput
[I-382-PROBE] excluded_user iter=1 name=FetchEventLike
[I-382-PROBE] excluded_user iter=1 name=H
[I-382-PROBE] excluded_user iter=1 name=HTTPExceptionFunction
[I-382-PROBE] excluded_user iter=1 name=HTTPResponseError
[I-382-PROBE] excluded_user iter=1 name=HonoJsonWebKey
[I-382-PROBE] excluded_user iter=1 name=HonoRequest
[I-382-PROBE] excluded_user iter=1 name=HtmlEscapedString
[I-382-PROBE] excluded_user iter=1 name=Input
[I-382-PROBE] excluded_user iter=1 name=InvalidJSONValue
[I-382-PROBE] excluded_user iter=1 name=IsAllowedOriginHandler
[I-382-PROBE] excluded_user iter=1 name=IsAllowedSecFetchSiteHandler
[I-382-PROBE] excluded_user iter=1 name=JSONArray
[I-382-PROBE] excluded_user iter=1 name=JSONObject
[I-382-PROBE] excluded_user iter=1 name=JSONPrimitive
[I-382-PROBE] excluded_user iter=1 name=JSONValue
[I-382-PROBE] excluded_user iter=1 name=JWTPayload
[I-382-PROBE] excluded_user iter=1 name=KeyAlgorithm
[I-382-PROBE] excluded_user iter=1 name=LatticeRequestContextV2
[I-382-PROBE] excluded_user iter=1 name=MergeSchemaPath
[I-382-PROBE] excluded_user iter=1 name=MessageFunction
[I-382-PROBE] excluded_user iter=1 name=MiddlewareHandler
[I-382-PROBE] excluded_user iter=1 name=MountReplaceRequest
[I-382-PROBE] excluded_user iter=1 name=ParamIndexMap
[I-382-PROBE] excluded_user iter=1 name=ParamKey
[I-382-PROBE] excluded_user iter=1 name=ParamKeys
[I-382-PROBE] excluded_user iter=1 name=PermissionsPolicyValue
[I-382-PROBE] excluded_user iter=1 name=ProxyRequestInit
[I-382-PROBE] excluded_user iter=1 name=RendererOptions
[I-382-PROBE] excluded_user iter=1 name=RequestHeader
[I-382-PROBE] excluded_user iter=1 name=Response
[I-382-PROBE] excluded_user iter=1 name=ResponseOrInit
[I-382-PROBE] excluded_user iter=1 name=SSGParams
[I-382-PROBE] excluded_user iter=1 name=SecFetchSite
[I-382-PROBE] excluded_user iter=1 name=SecureHeadersCallback
[I-382-PROBE] excluded_user iter=1 name=SignatureAlgorithm
[I-382-PROBE] excluded_user iter=1 name=StatusCode
[I-382-PROBE] excluded_user iter=1 name=ToEndpoints
[I-382-PROBE] excluded_user iter=1 name=TokenHeader
[I-382-PROBE] excluded_user iter=1 name=TypedResponse
[I-382-PROBE] excluded_user iter=1 name=Variables
[I-382-PROBE] excluded_user iter=1 name=VerifyOptionsWithAlg
[I-382-PROBE] excluded_user iter=1 name=WSContext
[I-382-PROBE] excluded_user iter=1 name=WSEvents
[I-382-PROBE] excluded_user iter=1 name=WSMessageReceive
Error: unsupported syntax: object literal requires a type annotation to determine struct name at byte 3554 in /tmp/hono-clean/adapter/aws-lambda/handler.ts
